<?xml version="1.0" encoding="UTF-8"?>
<!-- Generated by org.testng.reporters.JUnitReportReporter -->
<testsuite hostname="DESKTOP-ELBG45C" failures="0" tests="2" name="com.cleartrip_testcases.TC_LoginTest_001" time="13.505" errors="0" timestamp="2022-07-25T10:50:39 IST" skipped="0">
  <testcase classname="com.cleartrip_testcases.TC_LoginTest_001" name="LoginTest" time="13.140"/>
  <system-out/>
  <testcase classname="com.cleartrip_testcases.TC_LoginTest_001" name="SerachResultpage" time="0.365"/>
  <system-out/>
</testsuite> <!-- com.cleartrip_testcases.TC_LoginTest_001 -->
